#
# There is insufficient memory for the Java Runtime Environment to continue.
# Native memory allocation (mmap) failed to map 65011712 bytes for Failed to commit area from 0x00000000c2c00000 to 0x00000000c6a00000 of length 65011712.
# Possible reasons:
#   The system is out of physical RAM or swap space
#   The process is running with CompressedOops enabled, and the Java Heap may be blocking the growth of the native heap
# Possible solutions:
#   Reduce memory load on the system
#   Increase physical memory or swap space
#   Check if swap backing store is full
#   Decrease Java heap size (-Xmx/-Xms)
#   Decrease number of Java threads
#   Decrease Java thread stack sizes (-Xss)
#   Set larger code cache with -XX:ReservedCodeCacheSize=
# This output file may be truncated or incomplete.
#
#  Out of Memory Error (t:/workspace/open/src/hotspot/os/windows/os_windows.cpp:3301), pid=20936, tid=10260
#
# JRE version:  (13.0.2+8) (build )
# Java VM: Java HotSpot(TM) 64-Bit Server VM (13.0.2+8, mixed mode, aot, sharing, tiered, compressed oops, g1 gc, windows-amd64)
# No core dump will be written. Minidumps are not enabled by default on client versions of Windows
#

---------------  S U M M A R Y ------------

Command Line: -Dfile.encoding=Cp1252 CalendarThat

Host: Intel(R) Celeron(R) N4000 CPU @ 1.10GHz, 2 cores, 3G,  Windows 10 , 64 bit Build 17763 (10.0.17763.1158)
Time: Thu Jun 11 23:41:30 2020 Pacific Daylight Time elapsed time: 0 seconds (0d 0h 0m 0s)

---------------  T H R E A D  ---------------

Current thread (0x0000019e913bb000):  JavaThread "Unknown thread" [_thread_in_vm, id=10260, stack(0x000000297da00000,0x000000297db00000)]

Stack: [0x000000297da00000,0x000000297db00000]
Native frames: (J=compiled Java code, j=interpreted, Vv=VM code, C=native code)
V  [jvm.dll+0x624f9a]
V  [jvm.dll+0x770cfa]
V  [jvm.dll+0x7724af]
V  [jvm.dll+0x772ab3]
V  [jvm.dll+0x24bf08]
V  [jvm.dll+0x6222aa]
V  [jvm.dll+0x6170b5]
V  [jvm.dll+0x30a88c]
V  [jvm.dll+0x30a6c2]
V  [jvm.dll+0x30fe36]
V  [jvm.dll+0x353f46]
V  [jvm.dll+0x353720]
V  [jvm.dll+0x2e550a]
V  [jvm.dll+0x2e67a2]
V  [jvm.dll+0x74dd78]
V  [jvm.dll+0x361989]
V  [jvm.dll+0x730e65]
V  [jvm.dll+0x3cc53f]
V  [jvm.dll+0x3ce861]
C  [jli.dll+0x51ff]
C  [ucrtbase.dll+0x21ffa]
C  [KERNEL32.DLL+0x17974]
C  [ntdll.dll+0x6a271]


---------------  P R O C E S S  ---------------

Threads class SMR info:
_java_thread_list=0x00007ffea00accb8, length=0, elements={
}

Java Threads: ( => current thread )

Other Threads:
  0x0000019e913e8800 GCTaskThread "GC Thread#0" [stack: 0x000000297db00000,0x000000297dc00000] [id=21368]
  0x0000019e913f4000 ConcurrentGCThread "G1 Main Marker" [stack: 0x000000297dc00000,0x000000297dd00000] [id=16320]
  0x0000019e913f6800 ConcurrentGCThread "G1 Conc#0" [stack: 0x000000297dd00000,0x000000297de00000] [id=12560]

[error occurred during error reporting (printing all threads), id 0xc0000005, EXCEPTION_ACCESS_VIOLATION (0xc0000005) at pc=0x00007ffe9f8e51d7]

VM state:not at safepoint (not fully initialized)

VM Mutex/Monitor currently owned by a thread:  ([mutex/lock_event])
[0x0000019e913b7e10] Heap_lock - owner thread: 0x0000019e913bb000

Heap address: 0x00000000c2c00000, size: 980 MB, Compressed Oops mode: Non-zero based: 0x00000000c2c00000
Narrow klass base: 0x0000000000000000, Narrow klass shift: 0

GC Heap History (0 events):
No events

Deoptimization events (0 events):
No events

Classes unloaded (0 events):
No events

Classes redefined (0 events):
No events

Internal exceptions (0 events):
No events

Events (8 events):
Event: 0.014 Loaded shared library C:\Program Files\Java\jdk-13.0.2\bin\zip.dll
Event: 0.014 Loaded shared library C:\Program Files\Java\jdk-13.0.2\bin\jimage.dll
Event: 0.017 Loading shared library C:\Program Files\Java\jdk-13.0.2\lib\libjava.base-coop.dll failed, error code 126
Event: 0.017 Loading shared library C:\Program Files\Java\jdk-13.0.2\lib\libjava.logging-coop.dll failed, error code 126
Event: 0.017 Loading shared library C:\Program Files\Java\jdk-13.0.2\lib\libjdk.compiler-coop.dll failed, error code 126
Event: 0.017 Loading shared library C:\Program Files\Java\jdk-13.0.2\lib\libjdk.scripting.nashorn-coop.dll failed, error code 126
Event: 0.017 Loading shared library C:\Program Files\Java\jdk-13.0.2\lib\libjdk.internal.vm.ci-coop.dll failed, error code 126
Event: 0.021 Loading shared library C:\Program Files\Java\jdk-13.0.2\lib\libjdk.internal.vm.compiler-coop.dll failed, error code 126


Dynamic libraries:
0x00007ff72c040000 - 0x00007ff72c04f000 	C:\Program Files\Java\jdk-13.0.2\bin\javaw.exe
0x00007ffeeafe0000 - 0x00007ffeeb1cd000 	C:\WINDOWS\SYSTEM32\ntdll.dll
0x00007ffee8690000 - 0x00007ffee8743000 	C:\WINDOWS\System32\KERNEL32.DLL
0x00007ffee7b80000 - 0x00007ffee7e15000 	C:\WINDOWS\System32\KERNELBASE.dll
0x00007ffee7fe0000 - 0x00007ffee80da000 	C:\WINDOWS\System32\ucrtbase.dll
0x00007ffed55a0000 - 0x00007ffed55b8000 	C:\Program Files\Java\jdk-13.0.2\bin\jli.dll
0x00007ffee8210000 - 0x00007ffee82b3000 	C:\WINDOWS\System32\ADVAPI32.dll
0x00007ffee90d0000 - 0x00007ffee916e000 	C:\WINDOWS\System32\msvcrt.dll
0x00007ffeea950000 - 0x00007ffeea9ee000 	C:\WINDOWS\System32\sechost.dll
0x00007ffee8560000 - 0x00007ffee8682000 	C:\WINDOWS\System32\RPCRT4.dll
0x00007ffed5580000 - 0x00007ffed5595000 	C:\Program Files\Java\jdk-13.0.2\bin\VCRUNTIME140.dll
0x00007ffee8350000 - 0x00007ffee84e7000 	C:\WINDOWS\System32\USER32.dll
0x00007ffee7e20000 - 0x00007ffee7e40000 	C:\WINDOWS\System32\win32u.dll
0x00007ffee82c0000 - 0x00007ffee82e9000 	C:\WINDOWS\System32\GDI32.dll
0x00007ffee7e40000 - 0x00007ffee7fd9000 	C:\WINDOWS\System32\gdi32full.dll
0x00007ffee7ae0000 - 0x00007ffee7b80000 	C:\WINDOWS\System32\msvcp_win.dll
0x00007ffed64e0000 - 0x00007ffed6759000 	C:\WINDOWS\WinSxS\amd64_microsoft.windows.common-controls_6595b64144ccf1df_6.0.17763.1217_none_de6e4304534e0ad3\COMCTL32.dll
0x00007ffee8da0000 - 0x00007ffee90cc000 	C:\WINDOWS\System32\combase.dll
0x00007ffee80e0000 - 0x00007ffee815e000 	C:\WINDOWS\System32\bcryptPrimitives.dll
0x00007ffed6090000 - 0x00007ffed609a000 	C:\WINDOWS\SYSTEM32\VERSION.dll
0x00007ffee82f0000 - 0x00007ffee831e000 	C:\WINDOWS\System32\IMM32.DLL
0x00007ffed0cc0000 - 0x00007ffed0d5b000 	C:\Program Files\Java\jdk-13.0.2\bin\msvcp140.dll
0x00007ffe9f5f0000 - 0x00007ffea014d000 	C:\Program Files\Java\jdk-13.0.2\bin\server\jvm.dll
0x00007ffee8320000 - 0x00007ffee8328000 	C:\WINDOWS\System32\PSAPI.DLL
0x00007ffed3ff0000 - 0x00007ffed3ff9000 	C:\WINDOWS\SYSTEM32\WSOCK32.dll
0x00007ffee84f0000 - 0x00007ffee855d000 	C:\WINDOWS\System32\WS2_32.dll
0x00007ffee45c0000 - 0x00007ffee45e4000 	C:\WINDOWS\SYSTEM32\WINMM.dll
0x00007ffee4590000 - 0x00007ffee45bd000 	C:\WINDOWS\SYSTEM32\WINMMBASE.dll
0x00007ffee8190000 - 0x00007ffee81da000 	C:\WINDOWS\System32\cfgmgr32.dll
0x00007ffee7080000 - 0x00007ffee7091000 	C:\WINDOWS\System32\kernel.appcore.dll
0x00007ffedf720000 - 0x00007ffedf730000 	C:\Program Files\Java\jdk-13.0.2\bin\verify.dll
0x00007ffee5970000 - 0x00007ffee5b5d000 	C:\WINDOWS\SYSTEM32\DBGHELP.DLL
0x00007ffed70f0000 - 0x00007ffed711a000 	C:\WINDOWS\SYSTEM32\dbgcore.DLL
0x00007ffed5aa0000 - 0x00007ffed5ac6000 	C:\Program Files\Java\jdk-13.0.2\bin\java.dll
0x00007ffed7f40000 - 0x00007ffed7f57000 	C:\Program Files\Java\jdk-13.0.2\bin\zip.dll
0x00007ffed79f0000 - 0x00007ffed79fa000 	C:\Program Files\Java\jdk-13.0.2\bin\jimage.dll

dbghelp: loaded successfully - version: 4.0.5 - missing functions: none
symbol engine: initialized successfully - sym options: 0x614 - pdb path: .;C:\Program Files\Java\jdk-13.0.2\bin;C:\WINDOWS\SYSTEM32;C:\WINDOWS\WinSxS\amd64_microsoft.windows.common-controls_6595b64144ccf1df_6.0.17763.1217_none_de6e4304534e0ad3;C:\Program Files\Java\jdk-13.0.2\bin\server

VM Arguments:
jvm_args: -Dfile.encoding=Cp1252 
java_command: CalendarThat
java_class_path (initial): C:\Users\piano\eclipse-workspace\CalendarThat\bin
Launcher Type: SUN_STANDARD

[Global flags]
     intx CICompilerCount                          = 2                                         {product} {ergonomic}
     uint ConcGCThreads                            = 1                                         {product} {ergonomic}
     uint G1ConcRefinementThreads                  = 2                                         {product} {ergonomic}
   size_t G1HeapRegionSize                         = 1048576                                   {product} {ergonomic}
    uintx GCDrainStackTargetSize                   = 64                                        {product} {ergonomic}
   size_t InitialHeapSize                          = 65011712                                  {product} {ergonomic}
   size_t MarkStackSize                            = 4194304                                   {product} {ergonomic}
   size_t MaxHeapSize                              = 1027604480                                {product} {ergonomic}
   size_t MinHeapDeltaBytes                        = 1048576                                   {product} {ergonomic}
   size_t MinHeapSize                              = 8388608                                   {product} {ergonomic}
    uintx NonNMethodCodeHeapSize                   = 5826188                                {pd product} {ergonomic}
    uintx NonProfiledCodeHeapSize                  = 122916026                              {pd product} {ergonomic}
    uintx ProfiledCodeHeapSize                     = 122916026                              {pd product} {ergonomic}
    uintx ReservedCodeCacheSize                    = 251658240                              {pd product} {ergonomic}
     bool SegmentedCodeCache                       = true                                      {product} {ergonomic}
   size_t SoftMaxHeapSize                          = 1027604480                             {manageable} {ergonomic}
     bool UseCompressedClassPointers               = true                                 {lp64_product} {ergonomic}
     bool UseCompressedOops                        = true                                 {lp64_product} {ergonomic}
     bool UseG1GC                                  = true                                      {product} {ergonomic}
     bool UseLargePagesIndividualAllocation        = false                                  {pd product} {ergonomic}

Logging:
Log output configuration:
 #0: stdout all=warning uptime,level,tags
 #1: stderr all=off uptime,level,tags

Environment Variables:
PATH=C:/Program Files/Java/jdk-13.0.2/bin/server;C:/Program Files/Java/jdk-13.0.2/bin;C:\Program Files (x86)\Common Files\Intel\Shared Libraries\redist\intel64_win\compiler;C:\Program Files (x86)\Common Files\Intel\Shared Libraries\redist\intel64\compiler;C:\WINDOWS\system32;C:\WINDOWS;C:\WINDOWS\System32\Wbem;C:\WINDOWS\System32\WindowsPowerShell\v1.0\;C:\WINDOWS\System32\OpenSSH\;C:\Users\piano\AppData\Local\Microsoft\WindowsApps;;C:\WINDOWS\system32;
USERNAME=piano
OS=Windows_NT
PROCESSOR_IDENTIFIER=Intel64 Family 6 Model 122 Stepping 1, GenuineIntel



---------------  S Y S T E M  ---------------

OS: Windows 10 , 64 bit Build 17763 (10.0.17763.1158)

CPU:total 2 (initial active 2) (2 cores per cpu, 1 threads per core) family 6 model 122 stepping 1, cmov, cx8, fxsr, mmx, sse, sse2, sse3, ssse3, sse4.1, sse4.2, popcnt, aes, clmul, erms, 3dnowpref, tsc, tscinvbit, sha

Memory: 4k page, system-wide physical 3919M (573M free)
TotalPageFile size 11239M (AvailPageFile size 10M)
current process WorkingSet (physical memory assigned to process): 9M, peak: 9M
current process commit charge ("private bytes"): 47M, peak: 109M

vm_info: Java HotSpot(TM) 64-Bit Server VM (13.0.2+8) for windows-amd64 JRE (13.0.2+8), built on Dec 11 2019 09:20:33 by "mach5one" with unknown MS VC++:1916

END.
